<?xml version="1.0" encoding="UTF-8"?>
<!-- Generated by org.testng.reporters.JUnitReportReporter -->
<testsuite hostname="SYS120" name="pack1.Test2" tests="1" failures="0" timestamp="26 Oct 2017 13:13:12 GMT" time="8.543" errors="0">
  <testcase name="open_browser" time="8.543" classname="pack1.Test2"/>
</testsuite> <!-- pack1.Test2 -->
